<?xml version="1.0" encoding="UTF-8"?>
<!-- Generated by org.testng.reporters.JUnitXMLReporter -->
<testsuite ignored="0" hostname="PUMA-81635-WL" failures="0" tests="4" name="Default test" time="41.275" errors="0" timestamp="2026-02-15T23:39:43 IST">
  <testcase classname="com.crm.qa.testcases.ContactspageTest" name="verifycontactpageTest" time="0.784"/>
  <testcase classname="com.crm.qa.testcases.ContactspageTest" name="validateCreateNewContact" time="1.592"/>
  <testcase classname="com.crm.qa.testcases.ContactspageTest" name="validateCreateNewContact" time="1.507"/>
  <testcase classname="com.crm.qa.testcases.ContactspageTest" name="validateCreateNewContact" time="1.363"/>
</testsuite> <!-- Default test -->
