<?xml version="1.0" encoding="UTF-8"?>
<!-- Generated by org.testng.reporters.JUnitXMLReporter -->
<testsuite ignored="0" hostname="PUMA-81635-WL" failures="0" tests="5" name="Hybrid framewrok tets cases" time="0.188" errors="0" timestamp="2026-02-15T18:21:06 IST">
  <testcase classname="com.crm.qa.testcases.LoginPageTest" name="@BeforeMethod setup" time="0.097">
    <failure type="java.lang.IllegalStateException" message="The driver executable does not exist: D:\POM_Practice\geckodriver.exe">
      <![CDATA[java.lang.IllegalStateException: The driver executable does not exist: D:\POM_Practice\geckodriver.exe
at com.google.common.base.Preconditions.checkState(Preconditions.java:585)
at org.openqa.selenium.remote.service.DriverService.checkExecutable(DriverService.java:146)
at org.openqa.selenium.remote.service.DriverService.findExecutable(DriverService.java:141)
at org.openqa.selenium.firefox.GeckoDriverService.access$100(GeckoDriverService.java:44)
at org.openqa.selenium.firefox.GeckoDriverService$Builder.findDefaultExecutable(GeckoDriverService.java:167)
at org.openqa.selenium.remote.service.DriverService$Builder.build(DriverService.java:355)
at org.openqa.selenium.firefox.FirefoxDriver.toExecutor(FirefoxDriver.java:190)
at org.openqa.selenium.firefox.FirefoxDriver.<init>(FirefoxDriver.java:147)
at org.openqa.selenium.firefox.FirefoxDriver.<init>(FirefoxDriver.java:125)
at com.hybrid.qa.base.TestBase.initialization(TestBase.java:49)
at com.crm.qa.testcases.LoginPageTest.setup(LoginPageTest.java:22)
at java.base/java.util.ArrayList.forEach(ArrayList.java:1597)
... Removed 29 stack frames]]>
    </failure>
  </testcase> <!-- @BeforeMethod setup -->
  <testcase classname="com.crm.qa.testcases.LoginPageTest" name="@AfterMethod teaDown" time="0.0">
    <skipped/>
  </testcase> <!-- @AfterMethod teaDown -->
  <testcase classname="com.crm.qa.testcases.HomePageTest" name="@BeforeMethod setup" time="0.005">
    <failure type="java.lang.IllegalStateException" message="The driver executable does not exist: D:\POM_Practice\geckodriver.exe">
      <![CDATA[java.lang.IllegalStateException: The driver executable does not exist: D:\POM_Practice\geckodriver.exe
at com.google.common.base.Preconditions.checkState(Preconditions.java:585)
at org.openqa.selenium.remote.service.DriverService.checkExecutable(DriverService.java:146)
at org.openqa.selenium.remote.service.DriverService.findExecutable(DriverService.java:141)
at org.openqa.selenium.firefox.GeckoDriverService.access$100(GeckoDriverService.java:44)
at org.openqa.selenium.firefox.GeckoDriverService$Builder.findDefaultExecutable(GeckoDriverService.java:167)
at org.openqa.selenium.remote.service.DriverService$Builder.build(DriverService.java:355)
at org.openqa.selenium.firefox.FirefoxDriver.toExecutor(FirefoxDriver.java:190)
at org.openqa.selenium.firefox.FirefoxDriver.<init>(FirefoxDriver.java:147)
at org.openqa.selenium.firefox.FirefoxDriver.<init>(FirefoxDriver.java:125)
at com.hybrid.qa.base.TestBase.initialization(TestBase.java:49)
at com.crm.qa.testcases.HomePageTest.setup(HomePageTest.java:38)
at java.base/java.util.ArrayList.forEach(ArrayList.java:1597)
... Removed 29 stack frames]]>
    </failure>
  </testcase> <!-- @BeforeMethod setup -->
  <testcase classname="com.crm.qa.testcases.HomePageTest" name="@AfterMethod teardown" time="0.0">
    <skipped/>
  </testcase> <!-- @AfterMethod teardown -->
  <testcase classname="com.crm.qa.testcases.HomePageTest" name="@BeforeMethod setup" time="0.0">
    <skipped/>
  </testcase> <!-- @BeforeMethod setup -->
  <testcase classname="com.crm.qa.testcases.HomePageTest" name="@AfterMethod teardown" time="0.0">
    <skipped/>
  </testcase> <!-- @AfterMethod teardown -->
  <testcase classname="com.crm.qa.testcases.HomePageTest" name="@BeforeMethod setup" time="0.0">
    <skipped/>
  </testcase> <!-- @BeforeMethod setup -->
  <testcase classname="com.crm.qa.testcases.HomePageTest" name="@AfterMethod teardown" time="0.0">
    <skipped/>
  </testcase> <!-- @AfterMethod teardown -->
  <testcase classname="com.crm.qa.testcases.ContactspageTest" name="@BeforeMethod setup" time="0.008">
    <failure type="java.lang.IllegalStateException" message="The driver executable does not exist: D:\POM_Practice\geckodriver.exe">
      <![CDATA[java.lang.IllegalStateException: The driver executable does not exist: D:\POM_Practice\geckodriver.exe
at com.google.common.base.Preconditions.checkState(Preconditions.java:585)
at org.openqa.selenium.remote.service.DriverService.checkExecutable(DriverService.java:146)
at org.openqa.selenium.remote.service.DriverService.findExecutable(DriverService.java:141)
at org.openqa.selenium.firefox.GeckoDriverService.access$100(GeckoDriverService.java:44)
at org.openqa.selenium.firefox.GeckoDriverService$Builder.findDefaultExecutable(GeckoDriverService.java:167)
at org.openqa.selenium.remote.service.DriverService$Builder.build(DriverService.java:355)
at org.openqa.selenium.firefox.FirefoxDriver.toExecutor(FirefoxDriver.java:190)
at org.openqa.selenium.firefox.FirefoxDriver.<init>(FirefoxDriver.java:147)
at org.openqa.selenium.firefox.FirefoxDriver.<init>(FirefoxDriver.java:125)
at com.hybrid.qa.base.TestBase.initialization(TestBase.java:49)
at com.crm.qa.testcases.ContactspageTest.setup(ContactspageTest.java:31)
at java.base/java.util.ArrayList.forEach(ArrayList.java:1597)
... Removed 29 stack frames]]>
    </failure>
  </testcase> <!-- @BeforeMethod setup -->
  <testcase classname="com.crm.qa.testcases.ContactspageTest" name="@AfterMethod teardown" time="0.0">
    <skipped/>
  </testcase> <!-- @AfterMethod teardown -->
  <testcase classname="com.crm.qa.testcases.LoginPageTest" name="loginfun" time="0.0">
    <skipped/>
  </testcase> <!-- loginfun -->
  <testcase classname="com.crm.qa.testcases.HomePageTest" name="verifyHomePagelogoTest" time="0.0">
    <skipped/>
  </testcase> <!-- verifyHomePagelogoTest -->
  <testcase classname="com.crm.qa.testcases.HomePageTest" name="verifyusernameTest" time="0.0">
    <skipped/>
  </testcase> <!-- verifyusernameTest -->
  <testcase classname="com.crm.qa.testcases.HomePageTest" name="verifycontactlist" time="0.0">
    <skipped/>
  </testcase> <!-- verifycontactlist -->
  <testcase classname="com.crm.qa.testcases.ContactspageTest" name="verifycontactpageTest" time="0.0">
    <skipped/>
  </testcase> <!-- verifycontactpageTest -->
</testsuite> <!-- Hybrid framewrok tets cases -->
