<?xml version="1.0" encoding="UTF-8"?>
<testng-results ignored="0" total="4" passed="4" failed="0" skipped="0">
  <reporter-output>
  </reporter-output>
  <suite started-at="2026-02-15T23:39:01 IST" name="Default suite" finished-at="2026-02-15T23:39:43 IST" duration-ms="41275">
    <groups>
    </groups>
    <test started-at="2026-02-15T23:39:01 IST" name="Default test" finished-at="2026-02-15T23:39:43 IST" duration-ms="41275">
      <class name="com.crm.qa.testcases.ContactspageTest">
        <test-method is-config="true" signature="setup()[pri:0, instance:com.crm.qa.testcases.ContactspageTest@557caf28]" started-at="2026-02-15T23:39:01 IST" name="setup" finished-at="2026-02-15T23:39:10 IST" duration-ms="8774" status="PASS">
          <reporter-output>
          </reporter-output>
        </test-method> <!-- setup -->
        <test-method signature="verifycontactpageTest()[pri:1, instance:com.crm.qa.testcases.ContactspageTest@557caf28]" started-at="2026-02-15T23:39:10 IST" name="verifycontactpageTest" finished-at="2026-02-15T23:39:11 IST" duration-ms="784" status="PASS">
          <reporter-output>
          </reporter-output>
        </test-method> <!-- verifycontactpageTest -->
        <test-method is-config="true" signature="teardown()[pri:0, instance:com.crm.qa.testcases.ContactspageTest@557caf28]" started-at="2026-02-15T23:39:11 IST" name="teardown" finished-at="2026-02-15T23:39:12 IST" duration-ms="703" status="PASS">
          <reporter-output>
          </reporter-output>
        </test-method> <!-- teardown -->
        <test-method is-config="true" signature="setup()[pri:0, instance:com.crm.qa.testcases.ContactspageTest@557caf28]" started-at="2026-02-15T23:39:13 IST" name="setup" finished-at="2026-02-15T23:39:21 IST" duration-ms="8072" status="PASS">
          <reporter-output>
          </reporter-output>
        </test-method> <!-- setup -->
        <test-method signature="validateCreateNewContact(java.lang.String,java.lang.String)[pri:2, instance:com.crm.qa.testcases.ContactspageTest@557caf28]" started-at="2026-02-15T23:39:21 IST" name="validateCreateNewContact" data-provider="gettestdata" finished-at="2026-02-15T23:39:22 IST" duration-ms="1592" status="PASS">
          <params>
            <param index="0">
              <value>
                <![CDATA[Radha]]>
              </value>
            </param>
            <param index="1">
              <value>
                <![CDATA[Gade]]>
              </value>
            </param>
          </params>
          <reporter-output>
          </reporter-output>
        </test-method> <!-- validateCreateNewContact -->
        <test-method is-config="true" signature="teardown()[pri:0, instance:com.crm.qa.testcases.ContactspageTest@557caf28]" started-at="2026-02-15T23:39:22 IST" name="teardown" finished-at="2026-02-15T23:39:23 IST" duration-ms="534" status="PASS">
          <reporter-output>
          </reporter-output>
        </test-method> <!-- teardown -->
        <test-method is-config="true" signature="setup()[pri:0, instance:com.crm.qa.testcases.ContactspageTest@557caf28]" started-at="2026-02-15T23:39:23 IST" name="setup" finished-at="2026-02-15T23:39:31 IST" duration-ms="8165" status="PASS">
          <reporter-output>
          </reporter-output>
        </test-method> <!-- setup -->
        <test-method signature="validateCreateNewContact(java.lang.String,java.lang.String)[pri:2, instance:com.crm.qa.testcases.ContactspageTest@557caf28]" started-at="2026-02-15T23:39:31 IST" name="validateCreateNewContact" data-provider="gettestdata" finished-at="2026-02-15T23:39:32 IST" duration-ms="1507" status="PASS">
          <params>
            <param index="0">
              <value>
                <![CDATA[Aparna]]>
              </value>
            </param>
            <param index="1">
              <value>
                <![CDATA[Landge]]>
              </value>
            </param>
          </params>
          <reporter-output>
          </reporter-output>
        </test-method> <!-- validateCreateNewContact -->
        <test-method is-config="true" signature="teardown()[pri:0, instance:com.crm.qa.testcases.ContactspageTest@557caf28]" started-at="2026-02-15T23:39:32 IST" name="teardown" finished-at="2026-02-15T23:39:33 IST" duration-ms="550" status="PASS">
          <reporter-output>
          </reporter-output>
        </test-method> <!-- teardown -->
        <test-method is-config="true" signature="setup()[pri:0, instance:com.crm.qa.testcases.ContactspageTest@557caf28]" started-at="2026-02-15T23:39:33 IST" name="setup" finished-at="2026-02-15T23:39:41 IST" duration-ms="7852" status="PASS">
          <reporter-output>
          </reporter-output>
        </test-method> <!-- setup -->
        <test-method signature="validateCreateNewContact(java.lang.String,java.lang.String)[pri:2, instance:com.crm.qa.testcases.ContactspageTest@557caf28]" started-at="2026-02-15T23:39:41 IST" name="validateCreateNewContact" data-provider="gettestdata" finished-at="2026-02-15T23:39:42 IST" duration-ms="1363" status="PASS">
          <params>
            <param index="0">
              <value>
                <![CDATA[Shobhab]]>
              </value>
            </param>
            <param index="1">
              <value>
                <![CDATA[Gade]]>
              </value>
            </param>
          </params>
          <reporter-output>
          </reporter-output>
        </test-method> <!-- validateCreateNewContact -->
        <test-method is-config="true" signature="teardown()[pri:0, instance:com.crm.qa.testcases.ContactspageTest@557caf28]" started-at="2026-02-15T23:39:42 IST" name="teardown" finished-at="2026-02-15T23:39:43 IST" duration-ms="473" status="PASS">
          <reporter-output>
          </reporter-output>
        </test-method> <!-- teardown -->
      </class> <!-- com.crm.qa.testcases.ContactspageTest -->
    </test> <!-- Default test -->
  </suite> <!-- Default suite -->
</testng-results>
