<?xml version="1.0" encoding="UTF-8"?>
<!-- Generated by org.testng.reporters.JUnitReportReporter -->
<testsuite hostname="PUMA-81635-WL" failures="0" tests="4" name="com.crm.qa.testcases.ContactspageTest" time="40.369" errors="0" timestamp="2026-02-15T23:39:43 IST" skipped="0">
  <testcase classname="com.crm.qa.testcases.ContactspageTest" name="verifycontactpageTest" time="9.422"/>
  <testcase classname="com.crm.qa.testcases.ContactspageTest" name="validateCreateNewContact" time="10.367"/>
  <testcase classname="com.crm.qa.testcases.ContactspageTest" name="validateCreateNewContact" time="9.765"/>
  <testcase classname="com.crm.qa.testcases.ContactspageTest" name="validateCreateNewContact" time="10.815"/>
</testsuite> <!-- com.crm.qa.testcases.ContactspageTest -->
